# JRE version: OpenJDK Runtime Environment (8.0_242-b08) (build 1.8.0_242-8u242-b08-1~deb9u1-b08)
# Java VM: OpenJDK 64-Bit Server VM (25.242-b08 mixed mode linux-amd64 compressed oops)
Heap:
 PSYoungGen      total 320512K, used 205294K [0x00000000eb780000, 0x00000000fff00000, 0x0000000100000000)
  eden space 305152K, 67% used [0x00000000eb780000,0x00000000f7fe3908,0x00000000fe180000)
  from space 15360K, 0% used [0x00000000ff000000,0x00000000ff018000,0x00000000fff00000)
  to   space 14848K, 0% used [0x00000000fe180000,0x00000000fe180000,0x00000000ff000000)
 ParOldGen       total 56320K, used 19994K [0x00000000c2600000, 0x00000000c5d00000, 0x00000000eb780000)
  object space 56320K, 35% used [0x00000000c2600000,0x00000000c3986990,0x00000000c5d00000)
 Metaspace       used 59464K, capacity 62890K, committed 62976K, reserved 1103872K
  class space    used 7824K, capacity 8441K, committed 8448K, reserved 1048576K
GC Heap History (10 events):
Event: 10655,775 GC heap before
{Heap before GC invocations=19 (full 4):
 PSYoungGen      total 318976K, used 171005K [0x00000000eb780000, 0x0000000100000000, 0x0000000100000000)
  eden space 301568K, 56% used [0x00000000eb780000,0x00000000f5e7f730,0x00000000fde00000)
  from space 17408K, 0% used [0x00000000fef00000,0x00000000fef00000,0x0000000100000000)
  to   space 17408K, 0% used [0x00000000fde00000,0x00000000fde00000,0x00000000fef00000)
 ParOldGen       total 56320K, used 12562K [0x00000000c2600000, 0x00000000c5d00000, 0x00000000eb780000)
  object space 56320K, 22% used [0x00000000c2600000,0x00000000c32449f8,0x00000000c5d00000)
 Metaspace       used 58539K, capacity 61748K, committed 61952K, reserved 1103872K
  class space    used 7790K, capacity 8366K, committed 8448K, reserved 1048576K
Event: 10655,805 GC heap after
Heap after GC invocations=19 (full 4):
 PSYoungGen      total 307712K, used 5677K [0x00000000eb780000, 0x00000000ffe80000, 0x0000000100000000)
  eden space 301568K, 0% used [0x00000000eb780000,0x00000000eb780000,0x00000000fde00000)
  from space 6144K, 92% used [0x00000000fde00000,0x00000000fe38b7b0,0x00000000fe400000)
  to   space 16384K, 0% used [0x00000000fee80000,0x00000000fee80000,0x00000000ffe80000)
 ParOldGen       total 56320K, used 12562K [0x00000000c2600000, 0x00000000c5d00000, 0x00000000eb780000)
  object space 56320K, 22% used [0x00000000c2600000,0x00000000c32449f8,0x00000000c5d00000)
 Metaspace       used 58539K, capacity 61748K, committed 61952K, reserved 1103872K
  class space    used 7790K, capacity 8366K, committed 8448K, reserved 1048576K
}
Event: 10655,805 GC heap before
{Heap before GC invocations=20 (full 5):
 PSYoungGen      total 307712K, used 5677K [0x00000000eb780000, 0x00000000ffe80000, 0x0000000100000000)
  eden space 301568K, 0% used [0x00000000eb780000,0x00000000eb780000,0x00000000fde00000)
  from space 6144K, 92% used [0x00000000fde00000,0x00000000fe38b7b0,0x00000000fe400000)
  to   space 16384K, 0% used [0x00000000fee80000,0x00000000fee80000,0x00000000ffe80000)
 ParOldGen       total 56320K, used 12562K [0x00000000c2600000, 0x00000000c5d00000, 0x00000000eb780000)
  object space 56320K, 22% used [0x00000000c2600000,0x00000000c32449f8,0x00000000c5d00000)
 Metaspace       used 58539K, capacity 61748K, committed 61952K, reserved 1103872K
  class space    used 7790K, capacity 8366K, committed 8448K, reserved 1048576K
Event: 10655,958 GC heap after
Heap after GC invocations=20 (full 5):
 PSYoungGen      total 307712K, used 0K [0x00000000eb780000, 0x00000000ffe80000, 0x0000000100000000)
  eden space 301568K, 0% used [0x00000000eb780000,0x00000000eb780000,0x00000000fde00000)
  from space 6144K, 0% used [0x00000000fde00000,0x00000000fde00000,0x00000000fe400000)
  to   space 16384K, 0% used [0x00000000fee80000,0x00000000fee80000,0x00000000ffe80000)
 ParOldGen       total 56320K, used 15735K [0x00000000c2600000, 0x00000000c5d00000, 0x00000000eb780000)
  object space 56320K, 27% used [0x00000000c2600000,0x00000000c355dc40,0x00000000c5d00000)
 Metaspace       used 58539K, capacity 61748K, committed 61952K, reserved 1103872K
  class space    used 7790K, capacity 8366K, committed 8448K, reserved 1048576K
}
Event: 13173,406 GC heap before
{Heap before GC invocations=21 (full 5):
 PSYoungGen      total 307712K, used 301568K [0x00000000eb780000, 0x00000000ffe80000, 0x0000000100000000)
  eden space 301568K, 100% used [0x00000000eb780000,0x00000000fde00000,0x00000000fde00000)
  from space 6144K, 0% used [0x00000000fde00000,0x00000000fde00000,0x00000000fe400000)
  to   space 16384K, 0% used [0x00000000fee80000,0x00000000fee80000,0x00000000ffe80000)
 ParOldGen       total 56320K, used 15735K [0x00000000c2600000, 0x00000000c5d00000, 0x00000000eb780000)
  object space 56320K, 27% used [0x00000000c2600000,0x00000000c355dc40,0x00000000c5d00000)
 Metaspace       used 59323K, capacity 62762K, committed 62976K, reserved 1103872K
  class space    used 7824K, capacity 8441K, committed 8448K, reserved 1048576K
Event: 13173,424 GC heap after
Heap after GC invocations=21 (full 5):
 PSYoungGen      total 319488K, used 5413K [0x00000000eb780000, 0x0000000100000000, 0x0000000100000000)
  eden space 303104K, 0% used [0x00000000eb780000,0x00000000eb780000,0x00000000fdf80000)
  from space 16384K, 33% used [0x00000000fee80000,0x00000000ff3c9618,0x00000000ffe80000)
  to   space 15360K, 0% used [0x00000000fdf80000,0x00000000fdf80000,0x00000000fee80000)
 ParOldGen       total 56320K, used 15743K [0x00000000c2600000, 0x00000000c5d00000, 0x00000000eb780000)
  object space 56320K, 27% used [0x00000000c2600000,0x00000000c355fc40,0x00000000c5d00000)
 Metaspace       used 59323K, capacity 62762K, committed 62976K, reserved 1103872K
  class space    used 7824K, capacity 8441K, committed 8448K, reserved 1048576K
}
Event: 18948,211 GC heap before
{Heap before GC invocations=22 (full 5):
 PSYoungGen      total 319488K, used 308517K [0x00000000eb780000, 0x0000000100000000, 0x0000000100000000)
  eden space 303104K, 100% used [0x00000000eb780000,0x00000000fdf80000,0x00000000fdf80000)
  from space 16384K, 33% used [0x00000000fee80000,0x00000000ff3c9618,0x00000000ffe80000)
  to   space 15360K, 0% used [0x00000000fdf80000,0x00000000fdf80000,0x00000000fee80000)
 ParOldGen       total 56320K, used 15743K [0x00000000c2600000, 0x00000000c5d00000, 0x00000000eb780000)
  object space 56320K, 27% used [0x00000000c2600000,0x00000000c355fc40,0x00000000c5d00000)
 Metaspace       used 59400K, capacity 62826K, committed 62976K, reserved 1103872K
  class space    used 7824K, capacity 8441K, committed 8448K, reserved 1048576K
Event: 18948,264 GC heap after
Heap after GC invocations=22 (full 5):
 PSYoungGen      total 318464K, used 64K [0x00000000eb780000, 0x00000000fff00000, 0x0000000100000000)
  eden space 303104K, 0% used [0x00000000eb780000,0x00000000eb780000,0x00000000fdf80000)
  from space 15360K, 0% used [0x00000000fdf80000,0x00000000fdf90000,0x00000000fee80000)
  to   space 15360K, 0% used [0x00000000ff000000,0x00000000ff000000,0x00000000fff00000)
 ParOldGen       total 56320K, used 19986K [0x00000000c2600000, 0x00000000c5d00000, 0x00000000eb780000)
  object space 56320K, 35% used [0x00000000c2600000,0x00000000c3984990,0x00000000c5d00000)
 Metaspace       used 59400K, capacity 62826K, committed 62976K, reserved 1103872K
  class space    used 7824K, capacity 8441K, committed 8448K, reserved 1048576K
}
Event: 24674,581 GC heap before
{Heap before GC invocations=23 (full 5):
 PSYoungGen      total 318464K, used 303168K [0x00000000eb780000, 0x00000000fff00000, 0x0000000100000000)
  eden space 303104K, 100% used [0x00000000eb780000,0x00000000fdf80000,0x00000000fdf80000)
  from space 15360K, 0% used [0x00000000fdf80000,0x00000000fdf90000,0x00000000fee80000)
  to   space 15360K, 0% used [0x00000000ff000000,0x00000000ff000000,0x00000000fff00000)
 ParOldGen       total 56320K, used 19986K [0x00000000c2600000, 0x00000000c5d00000, 0x00000000eb780000)
  object space 56320K, 35% used [0x00000000c2600000,0x00000000c3984990,0x00000000c5d00000)
 Metaspace       used 59452K, capacity 62890K, committed 62976K, reserved 1103872K
  class space    used 7824K, capacity 8441K, committed 8448K, reserved 1048576K
Event: 24674,601 GC heap after
Heap after GC invocations=23 (full 5):
 PSYoungGen      total 320512K, used 96K [0x00000000eb780000, 0x00000000fff00000, 0x0000000100000000)
  eden space 305152K, 0% used [0x00000000eb780000,0x00000000eb780000,0x00000000fe180000)
  from space 15360K, 0% used [0x00000000ff000000,0x00000000ff018000,0x00000000fff00000)
  to   space 14848K, 0% used [0x00000000fe180000,0x00000000fe180000,0x00000000ff000000)
 ParOldGen       total 56320K, used 19994K [0x00000000c2600000, 0x00000000c5d00000, 0x00000000eb780000)
  object space 56320K, 35% used [0x00000000c2600000,0x00000000c3986990,0x00000000c5d00000)
 Metaspace       used 59452K, capacity 62890K, committed 62976K, reserved 1103872K
  class space    used 7824K, capacity 8441K, committed 8448K, reserved 1048576K
}

